TN:
SF:Api/Errors/entity-not-found.error.ts
FNF:0
FNH:0
DA:1,1
LF:1
LH:1
BRF:0
BRH:0
end_of_record
TN:
SF:Core/Database/connection.ts
FN:10,(anonymous_0)
FN:20,(anonymous_1)
FN:30,(anonymous_2)
FN:37,(anonymous_3)
FN:54,(anonymous_4)
FNF:5
FNH:4
FNDA:12,(anonymous_0)
FNDA:0,(anonymous_1)
FNDA:6,(anonymous_2)
FNDA:4,(anonymous_3)
FNDA:4,(anonymous_4)
DA:1,1
DA:4,1
DA:11,12
DA:12,0
DA:14,12
DA:21,0
DA:22,0
DA:24,0
DA:31,6
DA:38,4
DA:49,4
DA:51,4
DA:55,4
LF:13
LH:9
BRDA:11,0,0,0
BRDA:21,1,0,0
BRDA:55,2,0,0
BRDA:55,2,1,4
BRDA:55,3,0,4
BRDA:55,3,1,4
BRF:6
BRH:3
end_of_record
TN:
SF:Core/Database/users.ts
FN:5,getAllUsers
FN:9,getUserById
FN:23,insertUser
FN:29,updateUser
FN:36,deleteUser
FNF:5
FNH:3
FNDA:0,getAllUsers
FNDA:3,getUserById
FNDA:1,insertUser
FNDA:0,updateUser
FNDA:1,deleteUser
DA:1,1
DA:2,1
DA:3,1
DA:5,1
DA:6,0
DA:9,1
DA:10,3
DA:16,3
DA:17,1
DA:20,2
DA:23,1
DA:24,1
DA:25,1
DA:26,1
DA:29,1
DA:30,0
DA:31,0
DA:32,0
DA:33,0
DA:36,1
DA:37,1
DA:38,1
DA:39,1
LF:23
LH:18
BRDA:16,0,0,1
BRF:1
BRH:1
end_of_record
TN:
SF:Core/Models/categories.ts
FN:15,(anonymous_2)
FN:15,(anonymous_3)
FNF:2
FNH:2
FNDA:4,(anonymous_2)
FNDA:4,(anonymous_3)
DA:1,1
DA:2,1
DA:5,1
DA:7,1
DA:13,1
DA:15,4
DA:16,1
LF:7
LH:7
BRF:0
BRH:0
end_of_record
TN:
SF:Core/Models/sounds.ts
FN:20,(anonymous_2)
FN:20,(anonymous_3)
FNF:2
FNH:2
FNDA:4,(anonymous_2)
FNDA:4,(anonymous_3)
DA:1,1
DA:2,1
DA:5,1
DA:7,1
DA:13,1
DA:18,1
DA:20,4
DA:21,1
LF:8
LH:8
BRF:0
BRH:0
end_of_record
TN:
SF:Core/Models/users.ts
FN:3,(anonymous_2)
FNF:1
FNH:1
FNDA:1,(anonymous_2)
DA:1,1
DA:3,1
DA:4,1
DA:5,1
DA:9,1
DA:11,1
DA:16,1
DA:21,1
DA:26,1
DA:31,1
DA:37,1
LF:11
LH:11
BRDA:3,0,0,1
BRDA:3,0,1,1
BRF:2
BRH:2
end_of_record
